<?xml version="1.0" encoding="UTF-8"?>
<testng-results ignored="0" total="1" passed="1" failed="0" skipped="0">
  <reporter-output>
  </reporter-output>
  <suite started-at="2023-10-02T11:01:05 IST" name="Default suite" finished-at="2023-10-02T11:01:15 IST" duration-ms="10525">
    <groups>
      <group name="cucumber">
        <method signature="AbstractTestNGCucumberTests.runScenario(io.cucumber.testng.PickleWrapper,io.cucumber.testng.FeatureWrapper)[pri:0, instance:Bddcucumber.Testrunner@2de56eb2]" name="runScenario" class="io.cucumber.testng.AbstractTestNGCucumberTests"/>
      </group> <!-- cucumber -->
    </groups>
    <test started-at="2023-10-02T11:01:05 IST" name="Default test" finished-at="2023-10-02T11:01:15 IST" duration-ms="10525">
      <class name="Bddcucumber.Testrunner">
        <test-method is-config="true" signature="setUpClass(org.testng.ITestContext)[pri:0, instance:Bddcucumber.Testrunner@2de56eb2]" started-at="2023-10-02T11:01:05 IST" name="setUpClass" finished-at="2023-10-02T11:01:05 IST" duration-ms="363" status="PASS">
          <params>
            <param index="0">
              <value>
                <![CDATA[org.testng.TestRunner@62b09715]]>
              </value>
            </param>
          </params>
          <reporter-output>
          </reporter-output>
        </test-method> <!-- setUpClass -->
        <test-method signature="runScenario(io.cucumber.testng.PickleWrapper,io.cucumber.testng.FeatureWrapper)[pri:0, instance:Bddcucumber.Testrunner@2de56eb2]" started-at="2023-10-02T11:01:05 IST" name="runScenario" description="Runs Cucumber Scenarios" data-provider="scenarios" finished-at="2023-10-02T11:01:15 IST" duration-ms="10074" status="PASS">
          <params>
            <param index="0">
              <value>
                <![CDATA["User should be able to login to the application"]]>
              </value>
            </param>
            <param index="1">
              <value>
                <![CDATA["Login feature file for test case"]]>
              </value>
            </param>
          </params>
          <reporter-output>
          </reporter-output>
        </test-method> <!-- runScenario -->
        <test-method is-config="true" signature="tearDownClass()[pri:0, instance:Bddcucumber.Testrunner@2de56eb2]" started-at="2023-10-02T11:01:15 IST" name="tearDownClass" finished-at="2023-10-02T11:01:15 IST" duration-ms="29" status="PASS">
          <reporter-output>
          </reporter-output>
        </test-method> <!-- tearDownClass -->
      </class> <!-- Bddcucumber.Testrunner -->
    </test> <!-- Default test -->
  </suite> <!-- Default suite -->
</testng-results>
